app/build/outputs/logs/manifest-merger-debug-report.txt
-- Merging decision tree log ---
manifest
ADDED from src\main\AndroidManifest.xml:2:1-264:12
	package
		ADDED from src\main\AndroidManifest.xml:3:5-25
		INJECTED from src\main\AndroidManifest.xml
		INJECTED from src\main\AndroidManifest.xml
	android:versionName
		ADDED from src\main\AndroidManifest.xml:5:5-30
		INJECTED from src\main\AndroidManifest.xml
		INJECTED from src\main\AndroidManifest.xml
	android:versionCode
		ADDED from src\main\AndroidManifest.xml:4:5-28
		INJECTED from src\main\AndroidManifest.xml
		INJECTED from src\main\AndroidManifest.xml
	xmlns:android
		ADDED from src\main\AndroidManifest.xml:2:11-69
uses-permission#android.permission.MODIFY_AUDIO_SETTINGS
ADDED from src\main\AndroidManifest.xml:7:5-80
	android:name
		ADDED from src\main\AndroidManifest.xml:7:22-77
uses-permission#android.permission.RECORD_AUDIO
ADDED from src\main\AndroidManifest.xml:8:5-71
	android:name
		ADDED from src\main\AndroidManifest.xml:8:22-68
uses-permission#android.permission.PROCESS_OUTGOING_CALLS
ADDED from src\main\AndroidManifest.xml:9:5-81
	android:name
		ADDED from src\main\AndroidManifest.xml:9:22-78
uses-permission#android.permission.WRITE_SETTINGS
ADDED from src\main\AndroidManifest.xml:10:5-73
	android:name
		ADDED from src\main\AndroidManifest.xml:10:22-70
uses-permission#android.permission.READ_PHONE_STATE
ADDED from src\main\AndroidManifest.xml:11:5-75
	android:name
		ADDED from src\main\AndroidManifest.xml:11:22-72
uses-permission#android.permission.ACCESS_WIFI_STATE
ADDED from src\main\AndroidManifest.xml:12:5-76
	android:name
		ADDED from src\main\AndroidManifest.xml:12:22-73
uses-permission#android.permission.RECEIVE_BOOT_COMPLETED
ADDED from src\main\AndroidManifest.xml:13:5-81
	android:name
		ADDED from src\main\AndroidManifest.xml:13:22-78
uses-permission#android.permission.READ_CONTACTS
ADDED from src\main\AndroidManifest.xml:14:5-72
	android:name
		ADDED from src\main\AndroidManifest.xml:14:22-69
uses-permission#android.permission.WRITE_CONTACTS
ADDED from src\main\AndroidManifest.xml:15:5-73
	android:name
		ADDED from src\main\AndroidManifest.xml:15:22-70
uses-permission#android.permission.CALL_PHONE
ADDED from src\main\AndroidManifest.xml:16:5-69
	android:name
		ADDED from src\main\AndroidManifest.xml:16:22-66
uses-permission#android.permission.WAKE_LOCK
ADDED from src\main\AndroidManifest.xml:17:5-68
	android:name
		ADDED from src\main\AndroidManifest.xml:17:22-65
uses-permission#android.permission.DISABLE_KEYGUARD
ADDED from src\main\AndroidManifest.xml:18:5-75
	android:name
		ADDED from src\main\AndroidManifest.xml:18:22-72
uses-permission#android.permission.CAMERA
ADDED from src\main\AndroidManifest.xml:19:5-65
	android:name
		ADDED from src\main\AndroidManifest.xml:19:22-62
uses-permission#android.permission.VIBRATE
ADDED from src\main\AndroidManifest.xml:20:5-66
	android:name
		ADDED from src\main\AndroidManifest.xml:20:22-63
uses-permission#android.permission.ACCESS_FINE_LOCATION
ADDED from src\main\AndroidManifest.xml:21:5-79
	android:name
		ADDED from src\main\AndroidManifest.xml:21:22-76
uses-permission#android.permission.CHANGE_WIFI_STATE
ADDED from src\main\AndroidManifest.xml:22:5-76
	android:name
		ADDED from src\main\AndroidManifest.xml:22:22-73
uses-permission#android.permission.WRITE_EXTERNAL_STORAGE
ADDED from src\main\AndroidManifest.xml:23:5-81
	android:name
		ADDED from src\main\AndroidManifest.xml:23:22-78
uses-permission#android.permission.BLUETOOTH
ADDED from src\main\AndroidManifest.xml:24:5-68
	android:name
		ADDED from src\main\AndroidManifest.xml:24:22-65
uses-permission#android.permission.GET_ACCOUNTS
ADDED from src\main\AndroidManifest.xml:25:5-71
	android:name
		ADDED from src\main\AndroidManifest.xml:25:22-68
uses-permission#android.permission.BROADCAST_STICKY
ADDED from src\main\AndroidManifest.xml:26:5-75
	android:name
		ADDED from src\main\AndroidManifest.xml:26:22-72
uses-permission#android.permission.READ_CALL_LOG
ADDED from src\main\AndroidManifest.xml:27:5-72
	android:name
		ADDED from src\main\AndroidManifest.xml:27:22-69
uses-permission#android.permission.WRITE_CALL_LOG
ADDED from src\main\AndroidManifest.xml:28:5-73
	android:name
		ADDED from src\main\AndroidManifest.xml:28:22-70
uses-permission#android.permission.ACCESS_NETWORK_STATE
ADDED from src\main\AndroidManifest.xml:29:5-79
	android:name
		ADDED from src\main\AndroidManifest.xml:29:22-76
uses-permission#android.permission.INTERACT_ACROSS_USERS_FULL
ADDED from src\main\AndroidManifest.xml:30:5-85
	android:name
		ADDED from src\main\AndroidManifest.xml:30:22-82
uses-permission#android.permission.INTERNET
ADDED from src\main\AndroidManifest.xml:31:5-67
	android:name
		ADDED from src\main\AndroidManifest.xml:31:22-64
supports-screens
ADDED from src\main\AndroidManifest.xml:33:5-37:39
	android:largeScreens
		ADDED from src\main\AndroidManifest.xml:35:9-36
	android:smallScreens
		ADDED from src\main\AndroidManifest.xml:37:9-36
	android:normalScreens
		ADDED from src\main\AndroidManifest.xml:36:9-37
	android:anyDensity
		ADDED from src\main\AndroidManifest.xml:34:9-35
uses-feature#android.hardware.bluetooth
ADDED from src\main\AndroidManifest.xml:39:5-41:36
	android:required
		ADDED from src\main\AndroidManifest.xml:41:9-33
	android:name
		ADDED from src\main\AndroidManifest.xml:40:9-50
uses-feature#android.hardware.location
ADDED from src\main\AndroidManifest.xml:42:5-44:36
	android:required
		ADDED from src\main\AndroidManifest.xml:44:9-33
	android:name
		ADDED from src\main\AndroidManifest.xml:43:9-49
uses-feature#android.hardware.location.gps
ADDED from src\main\AndroidManifest.xml:45:5-47:36
	android:required
		ADDED from src\main\AndroidManifest.xml:47:9-33
	android:name
		ADDED from src\main\AndroidManifest.xml:46:9-53
uses-feature#android.hardware.telephony
ADDED from src\main\AndroidManifest.xml:48:5-50:36
	android:required
		ADDED from src\main\AndroidManifest.xml:50:9-33
	android:name
		ADDED from src\main\AndroidManifest.xml:49:9-50
uses-feature#android.hardware.touchscreen
ADDED from src\main\AndroidManifest.xml:51:5-53:36
	android:required
		ADDED from src\main\AndroidManifest.xml:53:9-33
	android:name
		ADDED from src\main\AndroidManifest.xml:52:9-52
uses-feature#android.hardware.wifi
ADDED from src\main\AndroidManifest.xml:54:5-56:36
	android:required
		ADDED from src\main\AndroidManifest.xml:56:9-33
	android:name
		ADDED from src\main\AndroidManifest.xml:55:9-45
uses-feature#android.hardware.camera
ADDED from src\main\AndroidManifest.xml:57:5-59:36
	android:required
		ADDED from src\main\AndroidManifest.xml:59:9-33
	android:name
		ADDED from src\main\AndroidManifest.xml:58:9-47
application
ADDED from src\main\AndroidManifest.xml:61:5-262:19
MERGED from [com.android.support:appcompat-v7:22.2.1] AndroidManifest.xml:22:5-20
MERGED from [com.android.support:support-v4:22.2.1] AndroidManifest.xml:22:5-20
MERGED from [com.github.dmytrodanylyk.shadow-layout:library:1.0.3] AndroidManifest.xml:12:5-20
MERGED from [com.android.support:support-v4:22.2.1] AndroidManifest.xml:22:5-20
MERGED from [com.android.support:design:22.2.1] AndroidManifest.xml:22:5-20
MERGED from [com.android.support:appcompat-v7:22.2.1] AndroidManifest.xml:22:5-20
MERGED from [com.android.support:support-v4:22.2.1] AndroidManifest.xml:22:5-20
MERGED from [com.android.support:support-v4:22.2.1] AndroidManifest.xml:22:5-20
	android:label
		ADDED from src\main\AndroidManifest.xml:63:9-41
	android:icon
		ADDED from src\main\AndroidManifest.xml:62:9-45
	android:theme
		ADDED from src\main\AndroidManifest.xml:64:9-40
activity#org.silena.main.FullscreenActivity
ADDED from src\main\AndroidManifest.xml:65:9-79:20
	android:label
		ADDED from src\main\AndroidManifest.xml:68:13-45
	android:launchMode
		ADDED from src\main\AndroidManifest.xml:69:13-48
	android:configChanges
		ADDED from src\main\AndroidManifest.xml:67:13-74
	android:theme
		ADDED from src\main\AndroidManifest.xml:70:13-56
	android:name
		ADDED from src\main\AndroidManifest.xml:66:13-52
intent-filter#android.intent.action.MAIN+android.intent.category.LAUNCHER
ADDED from src\main\AndroidManifest.xml:71:13-78:29
action#android.intent.action.MAIN
ADDED from src\main\AndroidManifest.xml:72:17-75:60
	android:screenOrientation
		ADDED from src\main\AndroidManifest.xml:75:21-57
	android:configChanges
		ADDED from src\main\AndroidManifest.xml:74:21-71
	android:name
		ADDED from src\main\AndroidManifest.xml:73:21-62
category#android.intent.category.LAUNCHER
ADDED from src\main\AndroidManifest.xml:77:17-77
	android:name
		ADDED from src\main\AndroidManifest.xml:77:27-74
activity#org.silena.main.MainActivity
ADDED from src\main\AndroidManifest.xml:80:9-86:20
	android:label
		ADDED from src\main\AndroidManifest.xml:82:13-45
	android:launchMode
		ADDED from src\main\AndroidManifest.xml:83:13-48
	android:theme
		ADDED from src\main\AndroidManifest.xml:84:13-56
	android:name
		ADDED from src\main\AndroidManifest.xml:81:13-46
activity#com.dm.zbar.android.scanner.ZBarScannerActivity
ADDED from src\main\AndroidManifest.xml:87:9-90:53
	android:screenOrientation
		ADDED from src\main\AndroidManifest.xml:90:13-50
	android:label
		ADDED from src\main\AndroidManifest.xml:89:13-45
	android:name
		ADDED from src\main\AndroidManifest.xml:88:13-75
activity#org.silena.main.Registration
ADDED from src\main\AndroidManifest.xml:92:9-94:48
	android:label
		ADDED from src\main\AndroidManifest.xml:94:13-45
	android:name
		ADDED from src\main\AndroidManifest.xml:93:13-46
activity#org.silena.main.BalanceMain
ADDED from src\main\AndroidManifest.xml:95:9-97:48
	android:label
		ADDED from src\main\AndroidManifest.xml:97:13-45
	android:name
		ADDED from src\main\AndroidManifest.xml:96:13-45
service#org.silena.ser.httpService
ADDED from src\main\AndroidManifest.xml:99:9-101:46
	android:label
		ADDED from src\main\AndroidManifest.xml:101:13-43
	android:name
		ADDED from src\main\AndroidManifest.xml:100:13-44
activity#org.sipdroid.sipua.ui.CallbackScreen
ADDED from src\main\AndroidManifest.xml:103:9-108:39
	android:label
		ADDED from src\main\AndroidManifest.xml:106:13-45
	android:excludeFromRecents
		ADDED from src\main\AndroidManifest.xml:105:13-46
	android:launchMode
		ADDED from src\main\AndroidManifest.xml:107:13-48
	android:taskAffinity
		ADDED from src\main\AndroidManifest.xml:108:13-36
	android:name
		ADDED from src\main\AndroidManifest.xml:104:13-64
activity#org.sipdroid.sipua.ui.PSTN
ADDED from src\main\AndroidManifest.xml:109:9-121:20
	android:label
		ADDED from src\main\AndroidManifest.xml:112:13-46
	android:icon
		ADDED from src\main\AndroidManifest.xml:111:13-55
	android:name
		ADDED from src\main\AndroidManifest.xml:110:13-54
intent-filter#android.intent.action.SENDTO+android.intent.category.DEFAULT
ADDED from src\main\AndroidManifest.xml:113:13-120:29
action#android.intent.action.SENDTO
ADDED from src\main\AndroidManifest.xml:114:17-71
	android:name
		ADDED from src\main\AndroidManifest.xml:114:25-68
category#android.intent.category.DEFAULT
ADDED from src\main\AndroidManifest.xml:116:17-76
	android:name
		ADDED from src\main\AndroidManifest.xml:116:27-73
data
ADDED from src\main\AndroidManifest.xml:118:17-46
	android:scheme
		ADDED from src\main\AndroidManifest.xml:118:23-43
activity#org.sipdroid.sipua.ui.SIP
ADDED from src\main\AndroidManifest.xml:122:9-133:20
	android:label
		ADDED from src\main\AndroidManifest.xml:124:13-45
	android:name
		ADDED from src\main\AndroidManifest.xml:123:13-53
activity#org.sipdroid.sipua.ui.AutoAnswer
ADDED from src\main\AndroidManifest.xml:134:9-136:48
	android:label
		ADDED from src\main\AndroidManifest.xml:136:13-45
	android:name
		ADDED from src\main\AndroidManifest.xml:135:13-60
activity#org.sipdroid.sipua.ui.ChangeAccount
ADDED from src\main\AndroidManifest.xml:137:9-139:48
	android:label
		ADDED from src\main\AndroidManifest.xml:139:13-45
	android:name
		ADDED from src\main\AndroidManifest.xml:138:13-63
activity#org.sipdroid.sipua.ui.SIPUri
ADDED from src\main\AndroidManifest.xml:140:9-176:20
	android:label
		ADDED from src\main\AndroidManifest.xml:142:13-45
	android:theme
		ADDED from src\main\AndroidManifest.xml:143:13-56
	android:name
		ADDED from src\main\AndroidManifest.xml:141:13-56
intent-filter#android.intent.action.CALL+android.intent.category.DEFAULT
ADDED from src\main\AndroidManifest.xml:144:13-151:29
action#android.intent.action.CALL
ADDED from src\main\AndroidManifest.xml:145:17-69
	android:name
		ADDED from src\main\AndroidManifest.xml:145:25-66
intent-filter#android.intent.action.SENDTO+android.intent.action.VIEW+android.intent.category.BROWSABLE+android.intent.category.DEFAULT
ADDED from src\main\AndroidManifest.xml:152:13-161:29
action#android.intent.action.VIEW
ADDED from src\main\AndroidManifest.xml:154:17-69
	android:name
		ADDED from src\main\AndroidManifest.xml:154:25-66
category#android.intent.category.BROWSABLE
ADDED from src\main\AndroidManifest.xml:157:17-78
	android:name
		ADDED from src\main\AndroidManifest.xml:157:27-75
intent-filter#android.intent.action.CALL_PRIVILEGED+android.intent.category.DEFAULT
ADDED from src\main\AndroidManifest.xml:162:13-168:29
action#android.intent.action.CALL_PRIVILEGED
ADDED from src\main\AndroidManifest.xml:163:17-80
	android:name
		ADDED from src\main\AndroidManifest.xml:163:25-77
intent-filter#android.intent.action.VIEW+android.intent.category.DEFAULT
ADDED from src\main\AndroidManifest.xml:169:13-175:29
activity#org.sipdroid.sipua.ui.Activity2
ADDED from src\main\AndroidManifest.xml:177:9-181:39
	android:label
		ADDED from src\main\AndroidManifest.xml:180:13-45
	android:excludeFromRecents
		ADDED from src\main\AndroidManifest.xml:179:13-46
	android:taskAffinity
		ADDED from src\main\AndroidManifest.xml:181:13-36
	android:name
		ADDED from src\main\AndroidManifest.xml:178:13-59
activity#org.sipdroid.sipua.ui.Settings
ADDED from src\main\AndroidManifest.xml:182:9-188:20
	android:label
		ADDED from src\main\AndroidManifest.xml:185:13-45
	android:configChanges
		ADDED from src\main\AndroidManifest.xml:184:13-63
	android:theme
		ADDED from src\main\AndroidManifest.xml:186:13-52
	android:name
		ADDED from src\main\AndroidManifest.xml:183:13-58
activity#org.sipdroid.codecs.Codecs$CodecSettings
ADDED from src\main\AndroidManifest.xml:189:9-191:48
	android:label
		ADDED from src\main\AndroidManifest.xml:191:13-45
	android:name
		ADDED from src\main\AndroidManifest.xml:190:13-68
activity#org.sipdroid.sipua.ui.VideoCamera
ADDED from src\main\AndroidManifest.xml:192:9-200:80
	android:clearTaskOnLaunch
		ADDED from src\main\AndroidManifest.xml:194:13-45
	android:screenOrientation
		ADDED from src\main\AndroidManifest.xml:198:13-50
	android:label
		ADDED from src\main\AndroidManifest.xml:197:13-47
	android:excludeFromRecents
		ADDED from src\main\AndroidManifest.xml:196:13-46
	android:configChanges
		ADDED from src\main\AndroidManifest.xml:195:13-63
	android:theme
		ADDED from src\main\AndroidManifest.xml:200:13-77
	android:taskAffinity
		ADDED from src\main\AndroidManifest.xml:199:13-36
	android:name
		ADDED from src\main\AndroidManifest.xml:193:13-61
activity#org.sipdroid.sipua.ui.InCallScreen
ADDED from src\main\AndroidManifest.xml:201:9-206:39
	android:label
		ADDED from src\main\AndroidManifest.xml:204:13-45
	android:excludeFromRecents
		ADDED from src\main\AndroidManifest.xml:203:13-46
	android:launchMode
		ADDED from src\main\AndroidManifest.xml:205:13-48
	android:taskAffinity
		ADDED from src\main\AndroidManifest.xml:206:13-36
	android:name
		ADDED from src\main\AndroidManifest.xml:202:13-62
receiver#org.sipdroid.sipua.ui.OneShotAlarm
ADDED from src\main\AndroidManifest.xml:208:9-210:48
	android:label
		ADDED from src\main\AndroidManifest.xml:210:13-45
	android:name
		ADDED from src\main\AndroidManifest.xml:209:13-62
receiver#org.sipdroid.sipua.ui.OneShotAlarm2
ADDED from src\main\AndroidManifest.xml:211:9-213:48
	android:label
		ADDED from src\main\AndroidManifest.xml:213:13-45
	android:name
		ADDED from src\main\AndroidManifest.xml:212:13-63
receiver#org.sipdroid.sipua.ui.LoopAlarm
ADDED from src\main\AndroidManifest.xml:214:9-216:48
	android:label
		ADDED from src\main\AndroidManifest.xml:216:13-45
	android:name
		ADDED from src\main\AndroidManifest.xml:215:13-59
receiver#org.sipdroid.sipua.ui.OwnWifi
ADDED from src\main\AndroidManifest.xml:217:9-219:48
	android:label
		ADDED from src\main\AndroidManifest.xml:219:13-45
	android:name
		ADDED from src\main\AndroidManifest.xml:218:13-57
receiver#org.sipdroid.sipua.ui.OneShotLocation
ADDED from src\main\AndroidManifest.xml:220:9-222:48
	android:label
		ADDED from src\main\AndroidManifest.xml:222:13-45
	android:name
		ADDED from src\main\AndroidManifest.xml:221:13-65
receiver#org.sipdroid.sipua.ui.LoopLocation
ADDED from src\main\AndroidManifest.xml:223:9-225:48
	android:label
		ADDED from src\main\AndroidManifest.xml:225:13-45
	android:name
		ADDED from src\main\AndroidManifest.xml:224:13-62
receiver#org.sipdroid.sipua.ui.Caller
ADDED from src\main\AndroidManifest.xml:226:9-232:20
	android:label
		ADDED from src\main\AndroidManifest.xml:228:13-45
	android:name
		ADDED from src\main\AndroidManifest.xml:227:13-56
intent-filter#android.intent.action.NEW_OUTGOING_CALL
ADDED from src\main\AndroidManifest.xml:229:13-231:29
	android:priority
		ADDED from src\main\AndroidManifest.xml:229:28-49
action#android.intent.action.NEW_OUTGOING_CALL
ADDED from src\main\AndroidManifest.xml:230:17-82
	android:name
		ADDED from src\main\AndroidManifest.xml:230:25-79
receiver#org.sipdroid.sipua.ui.Receiver
ADDED from src\main\AndroidManifest.xml:233:9-248:20
	android:enabled
		ADDED from src\main\AndroidManifest.xml:235:13-35
	android:label
		ADDED from src\main\AndroidManifest.xml:236:13-45
	android:name
		ADDED from src\main\AndroidManifest.xml:234:13-58
intent-filter#android.intent.action.BOOT_COMPLETED+android.intent.action.EXTERNAL_APPLICATIONS_AVAILABLE+android.intent.action.EXTERNAL_APPLICATIONS_UNAVAILABLE
ADDED from src\main\AndroidManifest.xml:237:13-241:29
action#android.intent.action.BOOT_COMPLETED
ADDED from src\main\AndroidManifest.xml:238:17-79
	android:name
		ADDED from src\main\AndroidManifest.xml:238:25-76
action#android.intent.action.EXTERNAL_APPLICATIONS_AVAILABLE
ADDED from src\main\AndroidManifest.xml:239:17-96
	android:name
		ADDED from src\main\AndroidManifest.xml:239:25-93
action#android.intent.action.EXTERNAL_APPLICATIONS_UNAVAILABLE
ADDED from src\main\AndroidManifest.xml:240:17-98
	android:name
		ADDED from src\main\AndroidManifest.xml:240:25-95
intent-filter#android.intent.action.PACKAGE_REPLACED
ADDED from src\main\AndroidManifest.xml:242:13-247:29
action#android.intent.action.PACKAGE_REPLACED
ADDED from src\main\AndroidManifest.xml:243:17-81
	android:name
		ADDED from src\main\AndroidManifest.xml:243:25-78
receiver#org.sipdroid.sipua.ui.PhoneStart
ADDED from src\main\AndroidManifest.xml:249:9-254:20
	android:name
		ADDED from src\main\AndroidManifest.xml:249:19-66
intent-filter#org.sipdroid.START_SIPDROID+org.sipdroid.STOP_SIPDROID
ADDED from src\main\AndroidManifest.xml:250:13-253:29
action#org.sipdroid.START_SIPDROID
ADDED from src\main\AndroidManifest.xml:251:17-70
	android:name
		ADDED from src\main\AndroidManifest.xml:251:25-67
action#org.sipdroid.STOP_SIPDROID
ADDED from src\main\AndroidManifest.xml:252:17-69
	android:name
		ADDED from src\main\AndroidManifest.xml:252:25-66
service#org.sipdroid.sipua.ui.RegisterService
ADDED from src\main\AndroidManifest.xml:256:9-258:48
	android:label
		ADDED from src\main\AndroidManifest.xml:258:13-45
	android:name
		ADDED from src\main\AndroidManifest.xml:257:13-65
activity#org.silena.main.ApdateBalanceActivity
ADDED from src\main\AndroidManifest.xml:260:9-64
	android:name
		ADDED from src\main\AndroidManifest.xml:260:19-61
uses-sdk
INJECTED from src\main\AndroidManifest.xml reason: use-sdk injection requested
MERGED from [com.android.support:appcompat-v7:22.2.1] AndroidManifest.xml:20:5-43
MERGED from [com.android.support:support-v4:22.2.1] AndroidManifest.xml:20:5-43
MERGED from [com.github.dmytrodanylyk.shadow-layout:library:1.0.3] AndroidManifest.xml:8:5-10:41
MERGED from [com.android.support:support-v4:22.2.1] AndroidManifest.xml:20:5-43
MERGED from [com.android.support:design:22.2.1] AndroidManifest.xml:20:5-43
MERGED from [com.android.support:appcompat-v7:22.2.1] AndroidManifest.xml:20:5-43
MERGED from [com.android.support:support-v4:22.2.1] AndroidManifest.xml:20:5-43
MERGED from [com.android.support:support-v4:22.2.1] AndroidManifest.xml:20:5-43
	android:targetSdkVersion
		INJECTED from src\main\AndroidManifest.xml
		INJECTED from src\main\AndroidManifest.xml
	android:minSdkVersion
		INJECTED from src\main\AndroidManifest.xml
		INJECTED from src\main\AndroidManifest.xml